<?xml version="1.0" encoding="UTF-8"?>
<testng-results ignored="0" total="1" passed="1" failed="0" skipped="0">
  <reporter-output>
  </reporter-output>
  <suite started-at="2021-08-31T11:59:25 GMT-07:00" name="Default suite" finished-at="2021-08-31T11:59:36 GMT-07:00" duration-ms="11055">
    <groups>
    </groups>
    <test started-at="2021-08-31T11:59:25 GMT-07:00" name="Default test" finished-at="2021-08-31T11:59:36 GMT-07:00" duration-ms="11055">
      <class name="pageObjectModal.LoginApplication">
        <test-method signature="RegistrationTest()[pri:0, instance:pageObjectModal.LoginApplication@614ca7df]" started-at="2021-08-31T11:59:25 GMT-07:00" name="RegistrationTest" finished-at="2021-08-31T11:59:36 GMT-07:00" duration-ms="10995" status="PASS">
          <reporter-output>
          </reporter-output>
        </test-method> <!-- RegistrationTest -->
      </class> <!-- pageObjectModal.LoginApplication -->
    </test> <!-- Default test -->
  </suite> <!-- Default suite -->
</testng-results>
